# JRE version: OpenJDK Runtime Environment (17.0.7) (build 17.0.7+0-b2043.56-10550314)
# Java VM: OpenJDK 64-Bit Server VM (17.0.7+0-b2043.56-10550314, mixed mode, tiered, compressed oops, compressed class ptrs, g1 gc, windows-amd64)
GC Precious Log:
 CPUs: 12 total, 12 available
 Memory: 16234M
 Large Page Support: Disabled
 NUMA Support: Disabled
 Compressed Oops: Enabled (32-bit)
 Heap Region Size: 1M
 Heap Min Capacity: 8M
 Heap Initial Capacity: 254M
 Heap Max Capacity: 2G
 Pre-touch: Disabled
 Parallel Workers: 10
 Concurrent Workers: 3
 Concurrent Refinement Workers: 10
 Periodic GC: Disabled
Heap:
 garbage-first heap   total 307200K, used 200872K [0x0000000080000000, 0x0000000100000000)
  region size 1024K, 80 young (81920K), 12 survivors (12288K)
 Metaspace       used 113093K, committed 113856K, reserved 1179648K
  class space    used 15334K, committed 15744K, reserved 1048576K
GC Heap History (20 events):
Event: 8.380 GC heap before
{Heap before GC invocations=44 (full 0):
 garbage-first heap   total 159744K, used 128693K [0x0000000080000000, 0x0000000100000000)
  region size 1024K, 48 young (49152K), 5 survivors (5120K)
 Metaspace       used 81340K, committed 81856K, reserved 1179648K
  class space    used 10878K, committed 11136K, reserved 1048576K
}
Event: 8.386 GC heap after
{Heap after GC invocations=45 (full 0):
 garbage-first heap   total 159744K, used 85437K [0x0000000080000000, 0x0000000100000000)
  region size 1024K, 2 young (2048K), 2 survivors (2048K)
 Metaspace       used 81340K, committed 81856K, reserved 1179648K
  class space    used 10878K, committed 11136K, reserved 1048576K
}
Event: 8.454 GC heap before
{Heap before GC invocations=45 (full 0):
 garbage-first heap   total 159744K, used 90557K [0x0000000080000000, 0x0000000100000000)
  region size 1024K, 7 young (7168K), 2 survivors (2048K)
 Metaspace       used 81742K, committed 82240K, reserved 1179648K
  class space    used 10968K, committed 11200K, reserved 1048576K
}
Event: 8.456 GC heap after
{Heap after GC invocations=46 (full 0):
 garbage-first heap   total 159744K, used 85393K [0x0000000080000000, 0x0000000100000000)
  region size 1024K, 1 young (1024K), 1 survivors (1024K)
 Metaspace       used 81742K, committed 82240K, reserved 1179648K
  class space    used 10968K, committed 11200K, reserved 1048576K
}
Event: 9.022 GC heap before
{Heap before GC invocations=46 (full 0):
 garbage-first heap   total 159744K, used 129425K [0x0000000080000000, 0x0000000100000000)
  region size 1024K, 44 young (45056K), 1 survivors (1024K)
 Metaspace       used 85179K, committed 85824K, reserved 1179648K
  class space    used 11608K, committed 11904K, reserved 1048576K
}
Event: 9.024 GC heap after
{Heap after GC invocations=47 (full 0):
 garbage-first heap   total 159744K, used 87146K [0x0000000080000000, 0x0000000100000000)
  region size 1024K, 3 young (3072K), 3 survivors (3072K)
 Metaspace       used 85179K, committed 85824K, reserved 1179648K
  class space    used 11608K, committed 11904K, reserved 1048576K
}
Event: 9.601 GC heap before
{Heap before GC invocations=48 (full 0):
 garbage-first heap   total 159744K, used 131178K [0x0000000080000000, 0x0000000100000000)
  region size 1024K, 46 young (47104K), 3 survivors (3072K)
 Metaspace       used 88416K, committed 89024K, reserved 1179648K
  class space    used 12088K, committed 12352K, reserved 1048576K
}
Event: 9.605 GC heap after
{Heap after GC invocations=49 (full 0):
 garbage-first heap   total 159744K, used 89600K [0x0000000080000000, 0x0000000100000000)
  region size 1024K, 5 young (5120K), 5 survivors (5120K)
 Metaspace       used 88416K, committed 89024K, reserved 1179648K
  class space    used 12088K, committed 12352K, reserved 1048576K
}
Event: 9.628 GC heap before
{Heap before GC invocations=49 (full 0):
 garbage-first heap   total 159744K, used 91648K [0x0000000080000000, 0x0000000100000000)
  region size 1024K, 7 young (7168K), 5 survivors (5120K)
 Metaspace       used 88587K, committed 89216K, reserved 1179648K
  class space    used 12112K, committed 12416K, reserved 1048576K
}
Event: 9.631 GC heap after
{Heap after GC invocations=50 (full 0):
 garbage-first heap   total 159744K, used 89814K [0x0000000080000000, 0x0000000100000000)
  region size 1024K, 1 young (1024K), 1 survivors (1024K)
 Metaspace       used 88587K, committed 89216K, reserved 1179648K
  class space    used 12112K, committed 12416K, reserved 1048576K
}
Event: 10.044 GC heap before
{Heap before GC invocations=50 (full 0):
 garbage-first heap   total 159744K, used 132822K [0x0000000080000000, 0x0000000100000000)
  region size 1024K, 43 young (44032K), 1 survivors (1024K)
 Metaspace       used 91902K, committed 92480K, reserved 1179648K
  class space    used 12630K, committed 12864K, reserved 1048576K
}
Event: 10.048 GC heap after
{Heap after GC invocations=51 (full 0):
 garbage-first heap   total 307200K, used 91186K [0x0000000080000000, 0x0000000100000000)
  region size 1024K, 3 young (3072K), 3 survivors (3072K)
 Metaspace       used 91902K, committed 92480K, reserved 1179648K
  class space    used 12630K, committed 12864K, reserved 1048576K
}
Event: 11.374 GC heap before
{Heap before GC invocations=51 (full 0):
 garbage-first heap   total 307200K, used 232498K [0x0000000080000000, 0x0000000100000000)
  region size 1024K, 142 young (145408K), 3 survivors (3072K)
 Metaspace       used 97700K, committed 98304K, reserved 1179648K
  class space    used 13370K, committed 13632K, reserved 1048576K
}
Event: 11.389 GC heap after
{Heap after GC invocations=52 (full 0):
 garbage-first heap   total 307200K, used 108284K [0x0000000080000000, 0x0000000100000000)
  region size 1024K, 18 young (18432K), 18 survivors (18432K)
 Metaspace       used 97700K, committed 98304K, reserved 1179648K
  class space    used 13370K, committed 13632K, reserved 1048576K
}
Event: 12.492 GC heap before
{Heap before GC invocations=52 (full 0):
 garbage-first heap   total 307200K, used 230140K [0x0000000080000000, 0x0000000100000000)
  region size 1024K, 133 young (136192K), 18 survivors (18432K)
 Metaspace       used 102113K, committed 102848K, reserved 1179648K
  class space    used 14022K, committed 14400K, reserved 1048576K
}
Event: 12.506 GC heap after
{Heap after GC invocations=53 (full 0):
 garbage-first heap   total 307200K, used 119686K [0x0000000080000000, 0x0000000100000000)
  region size 1024K, 12 young (12288K), 12 survivors (12288K)
 Metaspace       used 102113K, committed 102848K, reserved 1179648K
  class space    used 14022K, committed 14400K, reserved 1048576K
}
Event: 13.807 GC heap before
{Heap before GC invocations=53 (full 0):
 garbage-first heap   total 307200K, used 251782K [0x0000000080000000, 0x0000000100000000)
  region size 1024K, 123 young (125952K), 12 survivors (12288K)
 Metaspace       used 109218K, committed 109952K, reserved 1179648K
  class space    used 14894K, committed 15296K, reserved 1048576K
}
Event: 13.815 GC heap after
{Heap after GC invocations=54 (full 0):
 garbage-first heap   total 307200K, used 123567K [0x0000000080000000, 0x0000000100000000)
  region size 1024K, 4 young (4096K), 4 survivors (4096K)
 Metaspace       used 109218K, committed 109952K, reserved 1179648K
  class space    used 14894K, committed 15296K, reserved 1048576K
}
Event: 14.772 GC heap before
{Heap before GC invocations=54 (full 0):
 garbage-first heap   total 307200K, used 242351K [0x0000000080000000, 0x0000000100000000)
  region size 1024K, 121 young (123904K), 4 survivors (4096K)
 Metaspace       used 112275K, committed 113024K, reserved 1179648K
  class space    used 15218K, committed 15616K, reserved 1048576K
}
Event: 14.780 GC heap after
{Heap after GC invocations=55 (full 0):
 garbage-first heap   total 307200K, used 131240K [0x0000000080000000, 0x0000000100000000)
  region size 1024K, 12 young (12288K), 12 survivors (12288K)
 Metaspace       used 112275K, committed 113024K, reserved 1179648K
  class space    used 15218K, committed 15616K, reserved 1048576K
}

