# JRE version: OpenJDK Runtime Environment (17.0.7) (build 17.0.7+0-b2043.56-10550314)
# Java VM: OpenJDK 64-Bit Server VM (17.0.7+0-b2043.56-10550314, mixed mode, tiered, compressed oops, compressed class ptrs, g1 gc, windows-amd64)
GC Precious Log:
 CPUs: 12 total, 12 available
 Memory: 16234M
 Large Page Support: Disabled
 NUMA Support: Disabled
 Compressed Oops: Enabled (32-bit)
 Heap Region Size: 1M
 Heap Min Capacity: 8M
 Heap Initial Capacity: 254M
 Heap Max Capacity: 2G
 Pre-touch: Disabled
 Parallel Workers: 10
 Concurrent Workers: 3
 Concurrent Refinement Workers: 10
 Periodic GC: Disabled
Heap:
 garbage-first heap   total 482304K, used 291619K [0x0000000080000000, 0x0000000100000000)
  region size 1024K, 168 young (172032K), 21 survivors (21504K)
 Metaspace       used 113899K, committed 114816K, reserved 1179648K
  class space    used 15179K, committed 15616K, reserved 1048576K
GC Heap History (20 events):
Event: 12.643 GC heap before
{Heap before GC invocations=29 (full 0):
 garbage-first heap   total 193536K, used 95774K [0x0000000080000000, 0x0000000100000000)
  region size 1024K, 9 young (9216K), 8 survivors (8192K)
 Metaspace       used 94147K, committed 94784K, reserved 1179648K
  class space    used 12943K, committed 13248K, reserved 1048576K
}
Event: 12.649 GC heap after
{Heap after GC invocations=30 (full 0):
 garbage-first heap   total 193536K, used 95090K [0x0000000080000000, 0x0000000100000000)
  region size 1024K, 2 young (2048K), 2 survivors (2048K)
 Metaspace       used 94147K, committed 94784K, reserved 1179648K
  class space    used 12943K, committed 13248K, reserved 1048576K
}
Event: 13.186 GC heap before
{Heap before GC invocations=30 (full 0):
 garbage-first heap   total 193536K, used 155506K [0x0000000080000000, 0x0000000100000000)
  region size 1024K, 61 young (62464K), 2 survivors (2048K)
 Metaspace       used 96658K, committed 97280K, reserved 1179648K
  class space    used 13278K, committed 13568K, reserved 1048576K
}
Event: 13.192 GC heap after
{Heap after GC invocations=31 (full 0):
 garbage-first heap   total 193536K, used 99943K [0x0000000080000000, 0x0000000100000000)
  region size 1024K, 6 young (6144K), 6 survivors (6144K)
 Metaspace       used 96658K, committed 97280K, reserved 1179648K
  class space    used 13278K, committed 13568K, reserved 1048576K
}
Event: 13.615 GC heap before
{Heap before GC invocations=32 (full 0):
 garbage-first heap   total 193536K, used 156263K [0x0000000080000000, 0x0000000100000000)
  region size 1024K, 62 young (63488K), 6 survivors (6144K)
 Metaspace       used 97551K, committed 98176K, reserved 1179648K
  class space    used 13353K, committed 13632K, reserved 1048576K
}
Event: 13.625 GC heap after
{Heap after GC invocations=33 (full 0):
 garbage-first heap   total 193536K, used 108865K [0x0000000080000000, 0x0000000100000000)
  region size 1024K, 8 young (8192K), 8 survivors (8192K)
 Metaspace       used 97551K, committed 98176K, reserved 1179648K
  class space    used 13353K, committed 13632K, reserved 1048576K
}
Event: 13.638 GC heap before
{Heap before GC invocations=33 (full 0):
 garbage-first heap   total 193536K, used 108865K [0x0000000080000000, 0x0000000100000000)
  region size 1024K, 9 young (9216K), 8 survivors (8192K)
 Metaspace       used 97607K, committed 98176K, reserved 1179648K
  class space    used 13357K, committed 13632K, reserved 1048576K
}
Event: 13.648 GC heap after
{Heap after GC invocations=34 (full 0):
 garbage-first heap   total 193536K, used 110285K [0x0000000080000000, 0x0000000100000000)
  region size 1024K, 2 young (2048K), 2 survivors (2048K)
 Metaspace       used 97607K, committed 98176K, reserved 1179648K
  class space    used 13357K, committed 13632K, reserved 1048576K
}
Event: 14.233 GC heap before
{Heap before GC invocations=34 (full 0):
 garbage-first heap   total 193536K, used 160461K [0x0000000080000000, 0x0000000100000000)
  region size 1024K, 47 young (48128K), 2 survivors (2048K)
 Metaspace       used 101274K, committed 102016K, reserved 1179648K
  class space    used 13960K, committed 14336K, reserved 1048576K
}
Event: 14.242 GC heap after
{Heap after GC invocations=35 (full 0):
 garbage-first heap   total 193536K, used 114478K [0x0000000080000000, 0x0000000100000000)
  region size 1024K, 6 young (6144K), 6 survivors (6144K)
 Metaspace       used 101274K, committed 102016K, reserved 1179648K
  class space    used 13960K, committed 14336K, reserved 1048576K
}
Event: 14.528 GC heap before
{Heap before GC invocations=36 (full 0):
 garbage-first heap   total 219136K, used 155438K [0x0000000080000000, 0x0000000100000000)
  region size 1024K, 47 young (48128K), 6 survivors (6144K)
 Metaspace       used 101463K, committed 102208K, reserved 1179648K
  class space    used 13962K, committed 14336K, reserved 1048576K
}
Event: 14.534 GC heap after
{Heap after GC invocations=37 (full 0):
 garbage-first heap   total 219136K, used 117790K [0x0000000080000000, 0x0000000100000000)
  region size 1024K, 5 young (5120K), 5 survivors (5120K)
 Metaspace       used 101463K, committed 102208K, reserved 1179648K
  class space    used 13962K, committed 14336K, reserved 1048576K
}
Event: 14.557 GC heap before
{Heap before GC invocations=37 (full 0):
 garbage-first heap   total 219136K, used 121886K [0x0000000080000000, 0x0000000100000000)
  region size 1024K, 10 young (10240K), 5 survivors (5120K)
 Metaspace       used 101488K, committed 102208K, reserved 1179648K
  class space    used 13962K, committed 14336K, reserved 1048576K
}
Event: 14.561 GC heap after
{Heap after GC invocations=38 (full 0):
 garbage-first heap   total 219136K, used 117641K [0x0000000080000000, 0x0000000100000000)
  region size 1024K, 1 young (1024K), 1 survivors (1024K)
 Metaspace       used 101488K, committed 102208K, reserved 1179648K
  class space    used 13962K, committed 14336K, reserved 1048576K
}
Event: 14.983 GC heap before
{Heap before GC invocations=38 (full 0):
 garbage-first heap   total 219136K, used 177033K [0x0000000080000000, 0x0000000100000000)
  region size 1024K, 60 young (61440K), 1 survivors (1024K)
 Metaspace       used 102019K, committed 102784K, reserved 1179648K
  class space    used 14000K, committed 14400K, reserved 1048576K
}
Event: 14.991 GC heap after
{Heap after GC invocations=39 (full 0):
 garbage-first heap   total 482304K, used 123155K [0x0000000080000000, 0x0000000100000000)
  region size 1024K, 7 young (7168K), 7 survivors (7168K)
 Metaspace       used 102019K, committed 102784K, reserved 1179648K
  class space    used 14000K, committed 14400K, reserved 1048576K
}
Event: 16.854 GC heap before
{Heap before GC invocations=39 (full 0):
 garbage-first heap   total 482304K, used 377107K [0x0000000080000000, 0x0000000100000000)
  region size 1024K, 256 young (262144K), 7 survivors (7168K)
 Metaspace       used 105702K, committed 106368K, reserved 1179648K
  class space    used 14372K, committed 14720K, reserved 1048576K
}
Event: 16.869 GC heap after
{Heap after GC invocations=40 (full 0):
 garbage-first heap   total 482304K, used 135563K [0x0000000080000000, 0x0000000100000000)
  region size 1024K, 19 young (19456K), 19 survivors (19456K)
 Metaspace       used 105702K, committed 106368K, reserved 1179648K
  class space    used 14372K, committed 14720K, reserved 1048576K
}
Event: 1416.915 GC heap before
{Heap before GC invocations=40 (full 0):
 garbage-first heap   total 482304K, used 371083K [0x0000000080000000, 0x0000000100000000)
  region size 1024K, 250 young (256000K), 19 survivors (19456K)
 Metaspace       used 113280K, committed 114112K, reserved 1179648K
  class space    used 15143K, committed 15552K, reserved 1048576K
}
Event: 1416.929 GC heap after
{Heap after GC invocations=41 (full 0):
 garbage-first heap   total 482304K, used 142115K [0x0000000080000000, 0x0000000100000000)
  region size 1024K, 21 young (21504K), 21 survivors (21504K)
 Metaspace       used 113280K, committed 114112K, reserved 1179648K
  class space    used 15143K, committed 15552K, reserved 1048576K
}

