# JRE version: OpenJDK Runtime Environment (17.0.7) (build 17.0.7+0-b2043.56-10550314)
# Java VM: OpenJDK 64-Bit Server VM (17.0.7+0-b2043.56-10550314, mixed mode, tiered, compressed oops, compressed class ptrs, g1 gc, windows-amd64)
GC Precious Log:
 CPUs: 12 total, 12 available
 Memory: 16234M
 Large Page Support: Disabled
 NUMA Support: Disabled
 Compressed Oops: Enabled (Zero based)
 Heap Region Size: 2M
 Heap Min Capacity: 8M
 Heap Initial Capacity: 254M
 Heap Max Capacity: 4060M
 Pre-touch: Disabled
 Parallel Workers: 10
 Concurrent Workers: 3
 Concurrent Refinement Workers: 10
 Periodic GC: Disabled
Heap:
 garbage-first heap   total 163840K, used 81822K [0x0000000702400000, 0x0000000800000000)
  region size 2048K, 7 young (14336K), 4 survivors (8192K)
 Metaspace       used 61939K, committed 62144K, reserved 1114112K
  class space    used 7129K, committed 7232K, reserved 1048576K
GC Heap History (20 events):
Event: 2.392 GC heap before
{Heap before GC invocations=5 (full 0):
 garbage-first heap   total 61440K, used 19002K [0x0000000702400000, 0x0000000800000000)
  region size 2048K, 3 young (6144K), 2 survivors (4096K)
 Metaspace       used 29786K, committed 29952K, reserved 1114112K
  class space    used 3770K, committed 3840K, reserved 1048576K
}
Event: 2.399 GC heap after
{Heap after GC invocations=6 (full 0):
 garbage-first heap   total 61440K, used 17203K [0x0000000702400000, 0x0000000800000000)
  region size 2048K, 1 young (2048K), 1 survivors (2048K)
 Metaspace       used 29786K, committed 29952K, reserved 1114112K
  class space    used 3770K, committed 3840K, reserved 1048576K
}
Event: 2.828 GC heap before
{Heap before GC invocations=6 (full 0):
 garbage-first heap   total 61440K, used 39731K [0x0000000702400000, 0x0000000800000000)
  region size 2048K, 12 young (24576K), 1 survivors (2048K)
 Metaspace       used 34900K, committed 35136K, reserved 1114112K
  class space    used 4293K, committed 4416K, reserved 1048576K
}
Event: 2.837 GC heap after
{Heap after GC invocations=7 (full 0):
 garbage-first heap   total 161792K, used 18258K [0x0000000702400000, 0x0000000800000000)
  region size 2048K, 1 young (2048K), 1 survivors (2048K)
 Metaspace       used 34900K, committed 35136K, reserved 1114112K
  class space    used 4293K, committed 4416K, reserved 1048576K
}
Event: 2.883 GC heap before
{Heap before GC invocations=7 (full 0):
 garbage-first heap   total 161792K, used 20306K [0x0000000702400000, 0x0000000800000000)
  region size 2048K, 3 young (6144K), 1 survivors (2048K)
 Metaspace       used 35783K, committed 35968K, reserved 1114112K
  class space    used 4378K, committed 4480K, reserved 1048576K
}
Event: 2.887 GC heap after
{Heap after GC invocations=8 (full 0):
 garbage-first heap   total 161792K, used 18311K [0x0000000702400000, 0x0000000800000000)
  region size 2048K, 1 young (2048K), 1 survivors (2048K)
 Metaspace       used 35783K, committed 35968K, reserved 1114112K
  class space    used 4378K, committed 4480K, reserved 1048576K
}
Event: 3.890 GC heap before
{Heap before GC invocations=9 (full 0):
 garbage-first heap   total 75776K, used 63367K [0x0000000702400000, 0x0000000800000000)
  region size 2048K, 24 young (49152K), 1 survivors (2048K)
 Metaspace       used 38674K, committed 38912K, reserved 1114112K
  class space    used 4618K, committed 4736K, reserved 1048576K
}
Event: 3.924 GC heap after
{Heap after GC invocations=10 (full 0):
 garbage-first heap   total 81920K, used 30105K [0x0000000702400000, 0x0000000800000000)
  region size 2048K, 6 young (12288K), 6 survivors (12288K)
 Metaspace       used 38674K, committed 38912K, reserved 1114112K
  class space    used 4618K, committed 4736K, reserved 1048576K
}
Event: 3.960 GC heap before
{Heap before GC invocations=10 (full 0):
 garbage-first heap   total 81920K, used 32153K [0x0000000702400000, 0x0000000800000000)
  region size 2048K, 7 young (14336K), 6 survivors (12288K)
 Metaspace       used 38749K, committed 38976K, reserved 1114112K
  class space    used 4624K, committed 4736K, reserved 1048576K
}
Event: 3.980 GC heap after
{Heap after GC invocations=11 (full 0):
 garbage-first heap   total 81920K, used 31901K [0x0000000702400000, 0x0000000800000000)
  region size 2048K, 1 young (2048K), 1 survivors (2048K)
 Metaspace       used 38749K, committed 38976K, reserved 1114112K
  class space    used 4624K, committed 4736K, reserved 1048576K
}
Event: 4.586 GC heap before
{Heap before GC invocations=11 (full 0):
 garbage-first heap   total 81920K, used 58525K [0x0000000702400000, 0x0000000800000000)
  region size 2048K, 14 young (28672K), 1 survivors (2048K)
 Metaspace       used 43174K, committed 43392K, reserved 1114112K
  class space    used 5123K, committed 5248K, reserved 1048576K
}
Event: 4.595 GC heap after
{Heap after GC invocations=12 (full 0):
 garbage-first heap   total 81920K, used 34152K [0x0000000702400000, 0x0000000800000000)
  region size 2048K, 2 young (4096K), 2 survivors (4096K)
 Metaspace       used 43174K, committed 43392K, reserved 1114112K
  class space    used 5123K, committed 5248K, reserved 1048576K
}
Event: 5.061 GC heap before
{Heap before GC invocations=12 (full 0):
 garbage-first heap   total 81920K, used 56680K [0x0000000702400000, 0x0000000800000000)
  region size 2048K, 14 young (28672K), 2 survivors (4096K)
 Metaspace       used 45302K, committed 45504K, reserved 1114112K
  class space    used 5351K, committed 5440K, reserved 1048576K
}
Event: 5.076 GC heap after
{Heap after GC invocations=13 (full 0):
 garbage-first heap   total 163840K, used 38642K [0x0000000702400000, 0x0000000800000000)
  region size 2048K, 2 young (4096K), 2 survivors (4096K)
 Metaspace       used 45302K, committed 45504K, reserved 1114112K
  class space    used 5351K, committed 5440K, reserved 1048576K
}
Event: 6.805 GC heap before
{Heap before GC invocations=13 (full 0):
 garbage-first heap   total 163840K, used 114418K [0x0000000702400000, 0x0000000800000000)
  region size 2048K, 39 young (79872K), 2 survivors (4096K)
 Metaspace       used 53932K, committed 54208K, reserved 1114112K
  class space    used 6357K, committed 6464K, reserved 1048576K
}
Event: 6.851 GC heap after
{Heap after GC invocations=14 (full 0):
 garbage-first heap   total 163840K, used 57326K [0x0000000702400000, 0x0000000800000000)
  region size 2048K, 5 young (10240K), 5 survivors (10240K)
 Metaspace       used 53932K, committed 54208K, reserved 1114112K
  class space    used 6357K, committed 6464K, reserved 1048576K
}
Event: 8.315 GC heap before
{Heap before GC invocations=14 (full 0):
 garbage-first heap   total 163840K, used 112622K [0x0000000702400000, 0x0000000800000000)
  region size 2048K, 33 young (67584K), 5 survivors (10240K)
 Metaspace       used 60278K, committed 60416K, reserved 1114112K
  class space    used 7060K, committed 7104K, reserved 1048576K
}
Event: 8.356 GC heap after
{Heap after GC invocations=15 (full 0):
 garbage-first heap   total 163840K, used 69236K [0x0000000702400000, 0x0000000800000000)
  region size 2048K, 5 young (10240K), 5 survivors (10240K)
 Metaspace       used 60278K, committed 60416K, reserved 1114112K
  class space    used 7060K, committed 7104K, reserved 1048576K
}
Event: 9.674 GC heap before
{Heap before GC invocations=16 (full 0):
 garbage-first heap   total 163840K, used 118388K [0x0000000702400000, 0x0000000800000000)
  region size 2048K, 29 young (59392K), 5 survivors (10240K)
 Metaspace       used 61735K, committed 61888K, reserved 1114112K
  class space    used 7118K, committed 7168K, reserved 1048576K
}
Event: 9.709 GC heap after
{Heap after GC invocations=17 (full 0):
 garbage-first heap   total 163840K, used 77726K [0x0000000702400000, 0x0000000800000000)
  region size 2048K, 4 young (8192K), 4 survivors (8192K)
 Metaspace       used 61735K, committed 61888K, reserved 1114112K
  class space    used 7118K, committed 7168K, reserved 1048576K
}

