# JRE version: OpenJDK Runtime Environment (17.0.7) (build 17.0.7+0-b2043.56-10550314)
# Java VM: OpenJDK 64-Bit Server VM (17.0.7+0-b2043.56-10550314, mixed mode, tiered, compressed oops, compressed class ptrs, g1 gc, windows-amd64)
GC Precious Log:
 CPUs: 12 total, 12 available
 Memory: 16234M
 Large Page Support: Disabled
 NUMA Support: Disabled
 Compressed Oops: Enabled (32-bit)
 Heap Region Size: 1M
 Heap Min Capacity: 8M
 Heap Initial Capacity: 254M
 Heap Max Capacity: 2G
 Pre-touch: Disabled
 Parallel Workers: 10
 Concurrent Workers: 3
 Concurrent Refinement Workers: 10
 Periodic GC: Disabled
Heap:
 garbage-first heap   total 368640K, used 177460K [0x0000000080000000, 0x0000000100000000)
  region size 1024K, 71 young (72704K), 16 survivors (16384K)
 Metaspace       used 103950K, committed 104640K, reserved 1179648K
  class space    used 14301K, committed 14656K, reserved 1048576K
GC Heap History (20 events):
Event: 5.720 GC heap before
{Heap before GC invocations=23 (full 0):
 garbage-first heap   total 149504K, used 126590K [0x0000000080000000, 0x0000000100000000)
  region size 1024K, 51 young (52224K), 4 survivors (4096K)
 Metaspace       used 77850K, committed 78400K, reserved 1179648K
  class space    used 10431K, committed 10688K, reserved 1048576K
}
Event: 5.725 GC heap after
{Heap after GC invocations=24 (full 0):
 garbage-first heap   total 180224K, used 82818K [0x0000000080000000, 0x0000000100000000)
  region size 1024K, 7 young (7168K), 7 survivors (7168K)
 Metaspace       used 77850K, committed 78400K, reserved 1179648K
  class space    used 10431K, committed 10688K, reserved 1048576K
}
Event: 6.036 GC heap before
{Heap before GC invocations=24 (full 0):
 garbage-first heap   total 180224K, used 143234K [0x0000000080000000, 0x0000000100000000)
  region size 1024K, 65 young (66560K), 7 survivors (7168K)
 Metaspace       used 81408K, committed 81984K, reserved 1179648K
  class space    used 10945K, committed 11200K, reserved 1048576K
}
Event: 6.041 GC heap after
{Heap after GC invocations=25 (full 0):
 garbage-first heap   total 180224K, used 86419K [0x0000000080000000, 0x0000000100000000)
  region size 1024K, 8 young (8192K), 8 survivors (8192K)
 Metaspace       used 81408K, committed 81984K, reserved 1179648K
  class space    used 10945K, committed 11200K, reserved 1048576K
}
Event: 6.425 GC heap before
{Heap before GC invocations=25 (full 0):
 garbage-first heap   total 180224K, used 143763K [0x0000000080000000, 0x0000000100000000)
  region size 1024K, 64 young (65536K), 8 survivors (8192K)
 Metaspace       used 85769K, committed 86272K, reserved 1179648K
  class space    used 11727K, committed 11968K, reserved 1048576K
}
Event: 6.430 GC heap after
{Heap after GC invocations=26 (full 0):
 garbage-first heap   total 180224K, used 89207K [0x0000000080000000, 0x0000000100000000)
  region size 1024K, 6 young (6144K), 6 survivors (6144K)
 Metaspace       used 85769K, committed 86272K, reserved 1179648K
  class space    used 11727K, committed 11968K, reserved 1048576K
}
Event: 6.879 GC heap before
{Heap before GC invocations=26 (full 0):
 garbage-first heap   total 180224K, used 146551K [0x0000000080000000, 0x0000000100000000)
  region size 1024K, 62 young (63488K), 6 survivors (6144K)
 Metaspace       used 89827K, committed 90432K, reserved 1179648K
  class space    used 12329K, committed 12608K, reserved 1048576K
}
Event: 6.884 GC heap after
{Heap after GC invocations=27 (full 0):
 garbage-first heap   total 180224K, used 92879K [0x0000000080000000, 0x0000000100000000)
  region size 1024K, 7 young (7168K), 7 survivors (7168K)
 Metaspace       used 89827K, committed 90432K, reserved 1179648K
  class space    used 12329K, committed 12608K, reserved 1048576K
}
Event: 7.291 GC heap before
{Heap before GC invocations=28 (full 0):
 garbage-first heap   total 180224K, used 148175K [0x0000000080000000, 0x0000000100000000)
  region size 1024K, 61 young (62464K), 7 survivors (7168K)
 Metaspace       used 94992K, committed 95552K, reserved 1179648K
  class space    used 13061K, committed 13312K, reserved 1048576K
}
Event: 7.296 GC heap after
{Heap after GC invocations=29 (full 0):
 garbage-first heap   total 180224K, used 96018K [0x0000000080000000, 0x0000000100000000)
  region size 1024K, 7 young (7168K), 7 survivors (7168K)
 Metaspace       used 94992K, committed 95552K, reserved 1179648K
  class space    used 13061K, committed 13312K, reserved 1048576K
}
Event: 7.304 GC heap before
{Heap before GC invocations=29 (full 0):
 garbage-first heap   total 180224K, used 97042K [0x0000000080000000, 0x0000000100000000)
  region size 1024K, 8 young (8192K), 7 survivors (7168K)
 Metaspace       used 95029K, committed 95616K, reserved 1179648K
  class space    used 13065K, committed 13376K, reserved 1048576K
}
Event: 7.307 GC heap after
{Heap after GC invocations=30 (full 0):
 garbage-first heap   total 180224K, used 96096K [0x0000000080000000, 0x0000000100000000)
  region size 1024K, 1 young (1024K), 1 survivors (1024K)
 Metaspace       used 95029K, committed 95616K, reserved 1179648K
  class space    used 13065K, committed 13376K, reserved 1048576K
}
Event: 7.625 GC heap before
{Heap before GC invocations=30 (full 0):
 garbage-first heap   total 180224K, used 150368K [0x0000000080000000, 0x0000000100000000)
  region size 1024K, 54 young (55296K), 1 survivors (1024K)
 Metaspace       used 96905K, committed 97536K, reserved 1179648K
  class space    used 13336K, committed 13632K, reserved 1048576K
}
Event: 7.630 GC heap after
{Heap after GC invocations=31 (full 0):
 garbage-first heap   total 180224K, used 101376K [0x0000000080000000, 0x0000000100000000)
  region size 1024K, 7 young (7168K), 7 survivors (7168K)
 Metaspace       used 96905K, committed 97536K, reserved 1179648K
  class space    used 13336K, committed 13632K, reserved 1048576K
}
Event: 7.833 GC heap before
{Heap before GC invocations=32 (full 0):
 garbage-first heap   total 184320K, used 148480K [0x0000000080000000, 0x0000000100000000)
  region size 1024K, 54 young (55296K), 7 survivors (7168K)
 Metaspace       used 97256K, committed 97856K, reserved 1179648K
  class space    used 13358K, committed 13632K, reserved 1048576K
}
Event: 7.839 GC heap after
{Heap after GC invocations=33 (full 0):
 garbage-first heap   total 184320K, used 108128K [0x0000000080000000, 0x0000000100000000)
  region size 1024K, 7 young (7168K), 7 survivors (7168K)
 Metaspace       used 97256K, committed 97856K, reserved 1179648K
  class space    used 13358K, committed 13632K, reserved 1048576K
}
Event: 7.848 GC heap before
{Heap before GC invocations=33 (full 0):
 garbage-first heap   total 184320K, used 110176K [0x0000000080000000, 0x0000000100000000)
  region size 1024K, 9 young (9216K), 7 survivors (7168K)
 Metaspace       used 97377K, committed 97984K, reserved 1179648K
  class space    used 13370K, committed 13632K, reserved 1048576K
}
Event: 7.854 GC heap after
{Heap after GC invocations=34 (full 0):
 garbage-first heap   total 368640K, used 108963K [0x0000000080000000, 0x0000000100000000)
  region size 1024K, 2 young (2048K), 2 survivors (2048K)
 Metaspace       used 97377K, committed 97984K, reserved 1179648K
  class space    used 13370K, committed 13632K, reserved 1048576K
}
Event: 8.620 GC heap before
{Heap before GC invocations=34 (full 0):
 garbage-first heap   total 368640K, used 282019K [0x0000000080000000, 0x0000000100000000)
  region size 1024K, 167 young (171008K), 2 survivors (2048K)
 Metaspace       used 102293K, committed 102912K, reserved 1179648K
  class space    used 14086K, committed 14400K, reserved 1048576K
}
Event: 8.629 GC heap after
{Heap after GC invocations=35 (full 0):
 garbage-first heap   total 368640K, used 123188K [0x0000000080000000, 0x0000000100000000)
  region size 1024K, 16 young (16384K), 16 survivors (16384K)
 Metaspace       used 102293K, committed 102912K, reserved 1179648K
  class space    used 14086K, committed 14400K, reserved 1048576K
}

